Microsoft HTML Help Compiler 4.74.8702

Compiling d:\workspace-exercise\linux\ubuntu\help.ubuntu.com-中文\lts\serverguide2\Ubuntu18.04使用指北-阿牛出品.CHM

backups\backups.html
backups\backup-shellscripts.html
backups\backups-shellscripts-rotation.html
backups\bacula.html
C.css
chat-servers\chat-overview.html
chat-servers\chat-servers.html
chat-servers\irc-server.html
chat-servers\jabberd2-server.html
clustering\clustering.html
clustering\drbd.html
databases\databases.html
databases\mysql.html
databases\postgresql.html
dm-multipath-chapter\device-mapper-multipathing.html
dm-multipath-chapter\dm-multipath-chapter.html
dm-multipath-chapter\multipath-admin-and-troubleshooting.html
dm-multipath-chapter\multipath-devices.html
dm-multipath-chapter\multipath-dm-multipath-config-file.html
dm-multipath-chapter\multipath-setting-up-dm-multipath.html
dns\dns.html
dns\dns-configuration.html
dns\dns-installation.html
dns\dns-references.html
dns\dns-troubleshooting.html
email-services\dovecot-server.html
email-services\email-services.html
email-services\exim4.html
email-services\mail-filtering.html
email-services\mailman.html
email-services\postfix.html
file-servers\cups.html
file-servers\file-servers.html
file-servers\ftp-server.html
file-servers\iscsi-initiator.html
file-servers\network-file-system.html
index.html
installation\advanced-installation.html
installation\installation.html
installation\installing-from-cd.html
installation\installing-live-server.html
installation\installing-upgrading.html
installation\kernel-crash-dump.html
installation\preparing-to-install.html
introduction-chap\introduction-chap.html
introduction-chap\ubuntu-support.html
jquery.js
jquery.syntax.js
lamp-applications\lamp-applications.html
lamp-applications\lamp-overview.html
lamp-applications\moinmoin.html
lamp-applications\phpmyadmin.html
lamp-applications\wordpress.html
monitoring\monitoring.html
monitoring\monitoring-overview.html
monitoring\munin.html
monitoring\nagios.html
network-authentication\kerberos.html
network-authentication\kerberos-ldap.html
network-authentication\network-authentication.html
network-authentication\openldap-server.html
network-authentication\samba-ldap.html
network-authentication\sssd-ad.html
networking\dhcp.html
networking\DPDK.html
networking\network-configuration.html
networking\networking.html
networking\NTP.html
networking\tcpip.html
other-useful-applications\byobu.html
other-useful-applications\etckeeper.html
other-useful-applications\other-useful-applications.html
other-useful-applications\pam_motd.html
package-management\apt.html
package-management\aptitude.html
package-management\automatic-updates.html
package-management\configuration.html
package-management\dpkg.html
package-management\package-management.html
package-management\package-management-introduction.html
package-management\package-management-references.html
remote-administration\openssh-server.html
remote-administration\puppet.html
remote-administration\remote-administration.html
remote-administration\zentyal.html
samba\samba.html
samba\samba-ad-integration.html
samba\samba-dc.html
samba\samba-fileprint-security.html
samba\samba-fileserver.html
samba\samba-introduction.html
samba\samba-printserver.html
security\apparmor.html
security\certificates-and-security.html
security\console-security.html
security\ecryptfs.html
security\firewall.html
security\security.html
security\user-management.html
serverguide-appendix\reporting-bugs.html
serverguide-appendix\serverguide-appendix.html
version-control-system\bazaar.html
version-control-system\git.html
version-control-system\subversion.html
version-control-system\version-control-ref.html
version-control-system\version-control-system.html
virtualization\cloud-images-and-uvtool.html
virtualization\libvirt.html
virtualization\lxc.html
virtualization\lxd.html
virtualization\qemu.html
virtualization\ubuntucloud.html
virtualization\virtualization.html
vpn\openvpn.html
vpn\vpn.html
web-servers\httpd.html
web-servers\php.html
web-servers\ruby-on-rails.html
web-servers\squid.html
web-servers\tomcat.html
web-servers\web-servers.html
yelp.js
yelp-note.png
yelp-note-tip.png
yelp-note-warning.png
TOC-Created-By-Easy-CHM.HHC
Index-Created-By-Easy-CHM.HHK

Compile time: 0 minutes, 8 seconds
120	Topics
1,816	Local links
322	Internet links
0	Graphics


Created d:\workspace-exercise\linux\ubuntu\help.ubuntu.com-中文\lts\serverguide2\Ubuntu18.04使用指北-阿牛出品.CHM, 998,239 bytes
Compression decreased file by 3,213,685 bytes.
